https://github.com/daisycamber/lotteharper.git
6s/GIT_REPO.*/GIT_REPO="https:\/\/github.com\/daisycamber\/lotteharper.git"/g
https://gitlab.com/charlotte-harper/lotteh2025-01-07.git
3s/GIT_REPO.*/GIT_REPO="https:\/\/gitlab.com\/charlotte-harper\/lotteh2025-01-07.git"/g
setuptools==58.2.0
twilio
autocorrect
paramiko
ccxt
numpy
urllib3
webauthn
Reinitialized existing Git repository in /home/team/lotteh/.git/
[main c4dc0f0] backup
 224 files changed, 45 insertions(+), 43 deletions(-)
 delete mode 100644 cache/02e5427ebc8bbe98639dae1fadce5640.djcache
 create mode 100644 cache/0364d7b502afd40abba7137f72ad3e4d.djcache
 create mode 100644 cache/09b688f6325016e842406aea4fd466b6.djcache
 delete mode 100644 cache/09ef12bb42999111a149ae30d33d6a06.djcache
 create mode 100644 cache/0afbcee58fc6ae3a1136d24774c2fbb4.djcache
 delete mode 100644 cache/0b155d075c13a06dc32f71d803775ab1.djcache
 create mode 100644 cache/0c029e1ba12cf85a77461d8f88656aa8.djcache
 create mode 100644 cache/11071a17b96e95eaeeda707926636a0c.djcache
 delete mode 100644 cache/11e23ef039c6aad8c7ecb43324327790.djcache
 delete mode 100644 cache/1479a97cf038ea5466cfda5d91c947ae.djcache
 create mode 100644 cache/14f402937a897d66a75a8696a661292a.djcache
 delete mode 100644 cache/156dc3b360e78d993b8f0b4cefce9781.djcache
 create mode 100644 cache/16acce0535f822580affdd632ee42d25.djcache
 create mode 100644 cache/18304b8ddaf0eebed5ab058a88f81fd9.djcache
 create mode 100644 cache/1968d565872b37a3ced8b222f5fbc9c9.djcache
 create mode 100644 cache/1d0356b41c61b74b611fadb817a7e8d1.djcache
 delete mode 100644 cache/1d241a55abbab16801155a08e2b21285.djcache
 delete mode 100644 cache/1e0060bbfb8346ea1cebba9562cdf950.djcache
 delete mode 100644 cache/1e7437ff70071d2af9635934b46e6477.djcache
 delete mode 100644 cache/1f84b01f84c9136e04ba506e4c205deb.djcache
 delete mode 100644 cache/216e662f295fc3295c139b940c60f9eb.djcache
 delete mode 100644 cache/25c0f8c4d390f474f3a06fe92fddbd40.djcache
 create mode 100644 cache/2868ca4b8274a9ad32e06afcc2656049.djcache
 create mode 100644 cache/2a69e5ff33ba306509dc4ae3df077029.djcache
 create mode 100644 cache/2ab03b7f11dab2734ae2f5c6657a58c9.djcache
 delete mode 100644 cache/2c3e100ca37fc3af1c55b93327a1cdd3.djcache
 create mode 100644 cache/2d1fa479b7e05d876169f1eb3bcb3eb5.djcache
 delete mode 100644 cache/2d402fe8d3bf8b58a32aeb300147eabc.djcache
 delete mode 100644 cache/2dd53b2298d6926b53917015d62111de.djcache
 create mode 100644 cache/30a5ebba143585a9ed34e2ff11a6c98c.djcache
 create mode 100644 cache/367af125191e8b6751b240379605ad48.djcache
 delete mode 100644 cache/36ca216f34377c40b780a35285165380.djcache
 delete mode 100644 cache/3821ab8d5dc7ee2862b7ba126e809c9d.djcache
 create mode 100644 cache/39a2ccf57a999a6c6a23566a9eec7fff.djcache
 create mode 100644 cache/39e3e81cf30b3bc0a724d6d913647e1d.djcache
 create mode 100644 cache/3c8bb4ce76eb57d22778eaee0f3195e1.djcache
 create mode 100644 cache/3f17b2be28389e25f4f747b15b9352af.djcache
 delete mode 100644 cache/42030c65c2e9c4fa1741fd427b3debb5.djcache
 create mode 100644 cache/44fd8ebbccd62b6c636a729059358c10.djcache
 delete mode 100644 cache/4a3b261c735d16588284377ea5007300.djcache
 create mode 100644 cache/4a8d8e8f96e248270c71f7409bf75bde.djcache
 delete mode 100644 cache/4aa386f091219a084688cc6f87c686bf.djcache
 create mode 100644 cache/4ccb0dbf731b97a85923dbc664c8927f.djcache
 create mode 100644 cache/4dfe3887af79cdd611aae292d25c840a.djcache
 create mode 100644 cache/4fabfbc652f967ef923b23fa91d738a2.djcache
 delete mode 100644 cache/51faf038ef83e9fb3f99f56e4f64ef1c.djcache
 delete mode 100644 cache/521ce8fe0f1b6d9db5d7c2978d1b9218.djcache
 delete mode 100644 cache/52328a698c2c22ad63f369a5a8c31498.djcache
 create mode 100644 cache/53cc612b4c0221a0da13e4e2d10bf3a7.djcache
 create mode 100644 cache/559c61e1ae0d031b4787457e101389e2.djcache
 delete mode 100644 cache/576f86e128f3ae94b66e84ac7e6a6201.djcache
 create mode 100644 cache/580ab7a9c121328da92c68364cc5beba.djcache
 delete mode 100644 cache/59634ed3ab2f00659adc47aeccb82717.djcache
 create mode 100644 cache/5ab6340cb7016bda8f099e4dd06f20a3.djcache
 create mode 100644 cache/5bfc9fa45dd34184f2a27595a44cafb9.djcache
 create mode 100644 cache/5c67926a7dfdb766f41b8255f34c5a8f.djcache
 create mode 100644 cache/5d9c5bea863166a3e43c74a66610f2af.djcache
 delete mode 100644 cache/5fa3d6aa56cc5dbbb8544decae643e97.djcache
 create mode 100644 cache/635971125da902ad4b9f1f5ecdef4839.djcache
 create mode 100644 cache/6415ec0df9806f228d58dbfbe9ee4ec6.djcache
 delete mode 100644 cache/6416e9fd784ff38786b3f6a91b802b9e.djcache
 delete mode 100644 cache/6497f9ac6ea51c79d15fb9906e456e42.djcache
 create mode 100644 cache/652a7e23640454ecc6f6e94d949bc681.djcache
 delete mode 100644 cache/66a93782ab097a4292877650172deea6.djcache
 delete mode 100644 cache/697806f6d6b4f88ec77fd2d2e3d47a13.djcache
 create mode 100644 cache/6b19c933ed07656712c1173733ea52e3.djcache
 delete mode 100644 cache/6b7f5c4314a780d5825a1a6f7d20eb01.djcache
 delete mode 100644 cache/6ffcb77bc4e702e2cc860b0224044c7c.djcache
 create mode 100644 cache/707c776ac872e7bcb0a5c66674611fd6.djcache
 delete mode 100644 cache/7086a4507417a22e77fa62dfcb52d290.djcache
 create mode 100644 cache/73502cee1de707166e844d5b3c07e521.djcache
 create mode 100644 cache/745ada91daf9158512de1538d9c64053.djcache
 delete mode 100644 cache/76cb0b028316ad02ecffeef2dae25092.djcache
 delete mode 100644 cache/786becb4e27876fd1285f4d301f319f9.djcache
 delete mode 100644 cache/793800a4ceb22d5c71e281708948f968.djcache
 create mode 100644 cache/797614542980c5a5eaa0a5f30ae844b6.djcache
 delete mode 100644 cache/7981fc1216aad8a820c26eab625d3821.djcache
 create mode 100644 cache/7ae56b74ad24d03043abc0fe2f993d8a.djcache
 create mode 100644 cache/7c58e8b1bee95936330ee6be560c417e.djcache
 delete mode 100644 cache/7d372b70dc23414f102952e650f8b860.djcache
 create mode 100644 cache/7dea0670456347440ba025e2e48b5dcd.djcache
 delete mode 100644 cache/82d97e2f354c4a46667404324648863e.djcache
 create mode 100644 cache/84a75035fb315553f52c459bac4ab1fd.djcache
 delete mode 100644 cache/86955dbf5afaefe69e2c97edb0e3ec56.djcache
 delete mode 100644 cache/88bc81720f6119edeb2101ee9dbb63be.djcache
 delete mode 100644 cache/8a0ba79774870266cef2002b456fc657.djcache
 delete mode 100644 cache/8a3f2ac26706540e75c9b266f514223e.djcache
 delete mode 100644 cache/8a4893bc83eaa07c8821b07a97ef398f.djcache
 create mode 100644 cache/8a57a66fe0a23fcb8e901e971707f416.djcache
 create mode 100644 cache/8a865b1a29a50405289cf83af9838eed.djcache
 create mode 100644 cache/8af63f2a6bb6e6e78077d76ac21662df.djcache
 delete mode 100644 cache/8b1000acd1b1fbb1088c459b063235b0.djcache
 delete mode 100644 cache/8bae4834964011c6ec3258efd3888ddd.djcache
 delete mode 100644 cache/8c7279534f2886f6d110a7f5cd38a2bf.djcache
 create mode 100644 cache/8cb4e95bc26a40a4d8fedb2477fd36f9.djcache
 delete mode 100644 cache/8f479674180066e8e12372cfb5dd3abc.djcache
 create mode 100644 cache/90269f87fd098c25510bbb84c42a15e4.djcache
 delete mode 100644 cache/90b2b70c72fe7eea313a9ead409c0da7.djcache
 create mode 100644 cache/91354b552fb8dbeb9825962d146d89c2.djcache
 create mode 100644 cache/960a916866bcf54f73ed5b16b37956bd.djcache
 create mode 100644 cache/96cce71aa7d56ac48567eb66d85c4e86.djcache
 create mode 100644 cache/993f0023014be7248222855ba31403fa.djcache
 create mode 100644 cache/9b4a65124a0373f95cc0efb1dfae5570.djcache
 delete mode 100644 cache/9b76d84537bb332a04fc9af5bd718206.djcache
 delete mode 100644 cache/9c6f45cc8bcc689f27dfdd86ced08c2b.djcache
 create mode 100644 cache/9dc262e89f97ded10030eb681b04251c.djcache
 delete mode 100644 cache/a26e6b17c44196f247b807e82542aa21.djcache
 create mode 100644 cache/a85610eeb85d20c68063a146c69b205d.djcache
 delete mode 100644 cache/a8f783da4732d89b6f5d4ba12245cc46.djcache
 create mode 100644 cache/aa5cc4d7499503fc0a86a49cc3b33b19.djcache
 create mode 100644 cache/aaf757f6a2e4407a6531c0d76f0f9cd0.djcache
 create mode 100644 cache/ab7a2d00531c75fff2d411194d3a8f7a.djcache
 create mode 100644 cache/afc498571da80f8fb0cce5eedd88b6ac.djcache
 delete mode 100644 cache/b23a63f31f00f25e71aaf7840163513c.djcache
 create mode 100644 cache/b2fb079be99190bce44dec06559bb665.djcache
 create mode 100644 cache/b37f3f54e886910763a322f4d0ae3970.djcache
 create mode 100644 cache/b3deac5dd4aa4aa727293261609d4006.djcache
 create mode 100644 cache/b4a71c2a5f752c98844c6702880ce21d.djcache
 create mode 100644 cache/b4b7bc45b462d0204246f44a24e1e4dd.djcache
 create mode 100644 cache/b591e32b684833478db6e5aabd590a14.djcache
 delete mode 100644 cache/b5b4e7eae4ede4ff97835cdfb3751807.djcache
 create mode 100644 cache/b9740fdc5fd15b4fe7267e1530e41689.djcache
 create mode 100644 cache/ba80aaa9fc0ea27dbf629b48ca5c965b.djcache
 create mode 100644 cache/bbb437f2fa8c1ec09685689c836454db.djcache
 create mode 100644 cache/bf06e4cebce5053fad4b3aba44214d94.djcache
 create mode 100644 cache/bf75ce954bd6d750219e45f3d3588979.djcache
 create mode 100644 cache/c011c8709b3f2059544d22a2fd7b4161.djcache
 delete mode 100644 cache/c074669549669b6e40dd90fe77635097.djcache
 create mode 100644 cache/c0dce3c31fa49fd752d1d70d09d1c900.djcache
 create mode 100644 cache/c1b0c6821e134f20a29589ecc71cfd88.djcache
 delete mode 100644 cache/c5ef52221e2ed72e15771e1e1599b0d7.djcache
 create mode 100644 cache/c617933a63a7e692d1dd3a04cd3953f5.djcache
 delete mode 100644 cache/c789d43e86a7ef182a42426fef0f6552.djcache
 delete mode 100644 cache/cd7c3e59a4db1b86bc4ca0dd4ff50e67.djcache
 delete mode 100644 cache/d1856fc18acdfee7c69af847d55bcb42.djcache
 create mode 100644 cache/d2627c3a9fd0e95092dd092336dc88d4.djcache
 create mode 100644 cache/d358bb2bc50b004cbe21eaf09d3cb7cc.djcache
 delete mode 100644 cache/d675530df2bcf2aa6dd829d72dbbbb86.djcache
 create mode 100644 cache/d7982820bb46fa544d18c1d188523e38.djcache
 create mode 100644 cache/d91e34a2123090036d1d57e9c967c600.djcache
 delete mode 100644 cache/d93ab21c4feef9efb065da86a988b2dc.djcache
 create mode 100644 cache/da7a19a04463804ee0ec7556d5d05bd2.djcache
 create mode 100644 cache/db35ba7d9f3525db015dc6c17c2b6c2b.djcache
 delete mode 100644 cache/dba8cbea664384533a1748d638468713.djcache
 create mode 100644 cache/ddb3a9d3445a85705fb01aa58a06ee75.djcache
 create mode 100644 cache/ddc584930ba6b564c0d0b44298982e0f.djcache
 create mode 100644 cache/dea280beb94b4d76ad905fb1a76b9449.djcache
 create mode 100644 cache/defbafc05d62e420e0f70915de41f973.djcache
 create mode 100644 cache/e0fa48debee39f76c9b4fad756eb459e.djcache
 delete mode 100644 cache/e182aeb92ad6b4007b1bce78fbd4daa1.djcache
 create mode 100644 cache/e1b12cb28e77c97099e7050e0cf22b9f.djcache
 delete mode 100644 cache/e486d838fa78521984c9e9e8eaebea6c.djcache
 delete mode 100644 cache/e4ea83a0bb5801b7fd8056d205baf2e8.djcache
 create mode 100644 cache/eb19a38068bdf128c0166a2f5cbf670e.djcache
 create mode 100644 cache/ec92b9cb4ee93d673097dc3de7b9228d.djcache
 create mode 100644 cache/eebbf32fc1f4152771033871407ae616.djcache
 create mode 100644 cache/f053c2843b6561ede5f0eb7555ea2773.djcache
 create mode 100644 cache/f0650633982805b3b6f5925cde7062f6.djcache
 create mode 100644 cache/f07c4d1451aec82144081e988bef3729.djcache
 delete mode 100644 cache/f37d95f327fe103ca50cac11b53a63d3.djcache
 create mode 100644 cache/f528abc219ce6f9b4430ce1e1af89a36.djcache
 delete mode 100644 cache/f65fda89c335cfa2513c351d3e1a65e3.djcache
 create mode 100644 cache/f6f9194e7ffdcdf079f33c810c7cc811.djcache
 create mode 100644 cache/f8527c3990603055a7b2f95e41ebab51.djcache
 delete mode 100644 cache/fa43e07b9d6bb88a81fe4561b0852a07.djcache
 delete mode 100644 cache/fb6c5f1f815f8b64d9c39426595c6a65.djcache
 create mode 100644 cache/fc2707a946556b7cb38e1810d3cba630.djcache
 create mode 100644 cache/fce061e64b2928c7b27f2a51d296ab0a.djcache
 create mode 100644 cache/fec70f3ac6569aa8130a9db4a6f29de0.djcache
 delete mode 100644 cache/fed5fca39228f9b5e102671a3bb2bb91.djcache
 create mode 100644 celery/pid/beat.pid
 create mode 100644 celery/pid/worker1.pid
 create mode 100644 celery/pid/worker2.pid
branch 'main' set up to track 'originlab/main'.
sending incremental file list
./
.gitignore
